  [1m[36m (85.7ms)[0m  [1mCREATE TABLE "schema_migrations" ("version" character varying NOT NULL) [0m
  [1m[35m (63.1ms)[0m  CREATE UNIQUE INDEX  "unique_schema_migrations" ON "schema_migrations"  ("version")
  [1m[36mActiveRecord::SchemaMigration Load (0.3ms)[0m  [1mSELECT "schema_migrations".* FROM "schema_migrations"[0m
Migrating to CreateAgencias (20160116001808)
  [1m[35m (0.2ms)[0m  BEGIN
  [1m[36m (103.4ms)[0m  [1mCREATE TABLE "agencias" ("id" serial primary key, "nombre" character varying, "direccion" character varying, "created_at" timestamp NOT NULL, "updated_at" timestamp NOT NULL) [0m
  [1m[35mSQL (0.3ms)[0m  INSERT INTO "schema_migrations" ("version") VALUES ($1)  [["version", "20160116001808"]]
  [1m[36m (29.8ms)[0m  [1mCOMMIT[0m
Migrating to CreateUsuarios (20160116001907)
  [1m[35m (0.2ms)[0m  BEGIN
  [1m[36m (75.6ms)[0m  [1mCREATE TABLE "usuarios" ("id" serial primary key, "nombre" character varying, "apellido" character varying, "correo" character varying, "login" character varying, "estado" integer, "clave" character varying, "password_digest" character varying, "agencia_id" integer, "rol" character varying, "created_at" timestamp NOT NULL, "updated_at" timestamp NOT NULL) [0m
  [1m[35m (43.1ms)[0m  CREATE  INDEX  "index_usuarios_on_agencia_id" ON "usuarios"  ("agencia_id")
  [1m[36m (1.2ms)[0m  [1mALTER TABLE "usuarios" ADD CONSTRAINT "fk_rails_93b4ee3603"
FOREIGN KEY ("agencia_id")
  REFERENCES "agencias" ("id")
[0m
  [1m[35mSQL (0.2ms)[0m  INSERT INTO "schema_migrations" ("version") VALUES ($1)  [["version", "20160116001907"]]
  [1m[36m (19.7ms)[0m  [1mCOMMIT[0m
Migrating to CreateLogins (20160116001947)
  [1m[35m (0.1ms)[0m  BEGIN
  [1m[36m (87.8ms)[0m  [1mCREATE TABLE "logins" ("id" serial primary key, "estado" integer, "sesion" character varying, "clase_usuario" integer, "usuario_id" integer, "created_at" timestamp NOT NULL, "updated_at" timestamp NOT NULL) [0m
  [1m[35m (43.2ms)[0m  CREATE  INDEX  "index_logins_on_usuario_id" ON "logins"  ("usuario_id")
  [1m[36m (0.9ms)[0m  [1mALTER TABLE "logins" ADD CONSTRAINT "fk_rails_6dfc7ddcb8"
FOREIGN KEY ("usuario_id")
  REFERENCES "usuarios" ("id")
[0m
  [1m[35mSQL (0.1ms)[0m  INSERT INTO "schema_migrations" ("version") VALUES ($1)  [["version", "20160116001947"]]
  [1m[36m (19.0ms)[0m  [1mCOMMIT[0m
Migrating to CreateTurnos (20160116002231)
  [1m[35m (0.1ms)[0m  BEGIN
  [1m[36m (89.8ms)[0m  [1mCREATE TABLE "turnos" ("id" serial primary key, "nombre" character varying, "resumen" character varying, "descripcion" text, "hora_ingreso" timestamp, "hora_atencion" timestamp, "hora_finalizacion" timestamp, "usuario_id" integer, "comentario_atencion" text, "estado" integer, "agencia_id" integer, "created_at" timestamp NOT NULL, "updated_at" timestamp NOT NULL) [0m
  [1m[35m (43.2ms)[0m  CREATE  INDEX  "index_turnos_on_usuario_id" ON "turnos"  ("usuario_id")
  [1m[36m (54.3ms)[0m  [1mCREATE  INDEX  "index_turnos_on_agencia_id" ON "turnos"  ("agencia_id")[0m
  [1m[35m (0.8ms)[0m  ALTER TABLE "turnos" ADD CONSTRAINT "fk_rails_9bd10b8323"
FOREIGN KEY ("usuario_id")
  REFERENCES "usuarios" ("id")

  [1m[36m (0.8ms)[0m  [1mALTER TABLE "turnos" ADD CONSTRAINT "fk_rails_d1d7050663"
FOREIGN KEY ("agencia_id")
  REFERENCES "agencias" ("id")
[0m
  [1m[35mSQL (0.2ms)[0m  INSERT INTO "schema_migrations" ("version") VALUES ($1)  [["version", "20160116002231"]]
  [1m[36m (15.3ms)[0m  [1mCOMMIT[0m
Migrating to CreateEvaluaciones (20160116002355)
  [1m[35m (0.1ms)[0m  BEGIN
  [1m[36m (93.2ms)[0m  [1mCREATE TABLE "evaluaciones" ("id" serial primary key, "turno_id" integer, "pregunta1" character varying, "resultado1" integer, "pregunta2" character varying, "resultado2" integer, "pregunta3" character varying, "resultado3" integer, "pregunta4" character varying, "resultado4" integer, "comentario" character varying, "resultado_total" integer, "created_at" timestamp NOT NULL, "updated_at" timestamp NOT NULL) [0m
  [1m[35m (54.3ms)[0m  CREATE  INDEX  "index_evaluaciones_on_turno_id" ON "evaluaciones"  ("turno_id")
  [1m[36m (0.9ms)[0m  [1mALTER TABLE "evaluaciones" ADD CONSTRAINT "fk_rails_da03e9d2bb"
FOREIGN KEY ("turno_id")
  REFERENCES "turnos" ("id")
[0m
  [1m[35mSQL (0.2ms)[0m  INSERT INTO "schema_migrations" ("version") VALUES ($1)  [["version", "20160116002355"]]
  [1m[36m (26.4ms)[0m  [1mCOMMIT[0m
  [1m[35mActiveRecord::SchemaMigration Load (0.1ms)[0m  SELECT "schema_migrations".* FROM "schema_migrations"
  [1m[36m (1.7ms)[0m  [1mSELECT t2.oid::regclass::text AS to_table, a1.attname AS column, a2.attname AS primary_key, c.conname AS name, c.confupdtype AS on_update, c.confdeltype AS on_delete
FROM pg_constraint c
JOIN pg_class t1 ON c.conrelid = t1.oid
JOIN pg_class t2 ON c.confrelid = t2.oid
JOIN pg_attribute a1 ON a1.attnum = c.conkey[1] AND a1.attrelid = t1.oid
JOIN pg_attribute a2 ON a2.attnum = c.confkey[1] AND a2.attrelid = t2.oid
JOIN pg_namespace t3 ON c.connamespace = t3.oid
WHERE c.contype = 'f'
  AND t1.relname = 'agencias'
  AND t3.nspname = ANY (current_schemas(false))
ORDER BY c.conname
[0m
  [1m[35m (1.5ms)[0m  SELECT t2.oid::regclass::text AS to_table, a1.attname AS column, a2.attname AS primary_key, c.conname AS name, c.confupdtype AS on_update, c.confdeltype AS on_delete
FROM pg_constraint c
JOIN pg_class t1 ON c.conrelid = t1.oid
JOIN pg_class t2 ON c.confrelid = t2.oid
JOIN pg_attribute a1 ON a1.attnum = c.conkey[1] AND a1.attrelid = t1.oid
JOIN pg_attribute a2 ON a2.attnum = c.confkey[1] AND a2.attrelid = t2.oid
JOIN pg_namespace t3 ON c.connamespace = t3.oid
WHERE c.contype = 'f'
  AND t1.relname = 'evaluaciones'
  AND t3.nspname = ANY (current_schemas(false))
ORDER BY c.conname

  [1m[36m (1.6ms)[0m  [1mSELECT t2.oid::regclass::text AS to_table, a1.attname AS column, a2.attname AS primary_key, c.conname AS name, c.confupdtype AS on_update, c.confdeltype AS on_delete
FROM pg_constraint c
JOIN pg_class t1 ON c.conrelid = t1.oid
JOIN pg_class t2 ON c.confrelid = t2.oid
JOIN pg_attribute a1 ON a1.attnum = c.conkey[1] AND a1.attrelid = t1.oid
JOIN pg_attribute a2 ON a2.attnum = c.confkey[1] AND a2.attrelid = t2.oid
JOIN pg_namespace t3 ON c.connamespace = t3.oid
WHERE c.contype = 'f'
  AND t1.relname = 'logins'
  AND t3.nspname = ANY (current_schemas(false))
ORDER BY c.conname
[0m
  [1m[35m (1.6ms)[0m  SELECT t2.oid::regclass::text AS to_table, a1.attname AS column, a2.attname AS primary_key, c.conname AS name, c.confupdtype AS on_update, c.confdeltype AS on_delete
FROM pg_constraint c
JOIN pg_class t1 ON c.conrelid = t1.oid
JOIN pg_class t2 ON c.confrelid = t2.oid
JOIN pg_attribute a1 ON a1.attnum = c.conkey[1] AND a1.attrelid = t1.oid
JOIN pg_attribute a2 ON a2.attnum = c.confkey[1] AND a2.attrelid = t2.oid
JOIN pg_namespace t3 ON c.connamespace = t3.oid
WHERE c.contype = 'f'
  AND t1.relname = 'turnos'
  AND t3.nspname = ANY (current_schemas(false))
ORDER BY c.conname

  [1m[36m (1.7ms)[0m  [1mSELECT t2.oid::regclass::text AS to_table, a1.attname AS column, a2.attname AS primary_key, c.conname AS name, c.confupdtype AS on_update, c.confdeltype AS on_delete
FROM pg_constraint c
JOIN pg_class t1 ON c.conrelid = t1.oid
JOIN pg_class t2 ON c.confrelid = t2.oid
JOIN pg_attribute a1 ON a1.attnum = c.conkey[1] AND a1.attrelid = t1.oid
JOIN pg_attribute a2 ON a2.attnum = c.confkey[1] AND a2.attrelid = t2.oid
JOIN pg_namespace t3 ON c.connamespace = t3.oid
WHERE c.contype = 'f'
  AND t1.relname = 'usuarios'
  AND t3.nspname = ANY (current_schemas(false))
ORDER BY c.conname
[0m
